<?xml version="1.0" encoding="UTF-8"?>
<!-- Generated by org.testng.reporters.JUnitXMLReporter -->
<testsuite ignored="3" hostname="DESKTOP-RU574JG" failures="0" tests="1" name="Default test" time="44.853" errors="0" timestamp="2023-03-28T19:05:04 IST">
  <testcase classname="com.medsol.testcases.Documents" name="creatingNewDocument" time="35.473"/>
  <testcase classname="com.medsol.testcases.Documents" name="deleteDocument" time="0.0">
    <ignored/>
  </testcase> <!-- deleteDocument -->
  <testcase classname="com.medsol.testcases.Documents" name="searchDocument" time="0.0">
    <ignored/>
  </testcase> <!-- searchDocument -->
  <testcase classname="com.medsol.testcases.Documents" name="editDocument" time="0.0">
    <ignored/>
  </testcase> <!-- editDocument -->
</testsuite> <!-- Default test -->
